  [4;36;1mSQL (0.3ms)[0m   [0;1m SELECT name
 FROM sqlite_master
 WHERE type = 'table' AND NOT name = 'sqlite_sequence'
[0m
  [4;35;1mSQL (0.2ms)[0m   [0mselect sqlite_version(*)[0m
  [4;36;1mSQL (2.5ms)[0m   [0;1mCREATE TABLE "schema_migrations" ("version" varchar(255) NOT NULL) [0m
  [4;35;1mSQL (2.3ms)[0m   [0mCREATE UNIQUE INDEX "unique_schema_migrations" ON "schema_migrations" ("version")[0m
  [4;36;1mSQL (0.2ms)[0m   [0;1m SELECT name
 FROM sqlite_master
 WHERE type = 'table' AND NOT name = 'sqlite_sequence'
[0m
  [4;35;1mSQL (0.3ms)[0m   [0m SELECT name
 FROM sqlite_master
 WHERE type = 'table' AND NOT name = 'sqlite_sequence'
[0m
  [4;36;1mSQL (0.1ms)[0m   [0;1mSELECT version FROM schema_migrations[0m
  [4;35;1mSQL (0.1ms)[0m   [0m SELECT name
 FROM sqlite_master
 WHERE type = 'table' AND NOT name = 'sqlite_sequence'
[0m
  [4;36;1mSQL (0.4ms)[0m   [0;1m SELECT name
 FROM sqlite_master
 WHERE type = 'table' AND NOT name = 'sqlite_sequence'
[0m
  [4;35;1mSQL (0.2ms)[0m   [0mselect sqlite_version(*)[0m
  [4;36;1mSQL (0.2ms)[0m   [0;1m SELECT name
 FROM sqlite_master
 WHERE type = 'table' AND NOT name = 'sqlite_sequence'
[0m
  [4;35;1mSQL (0.1ms)[0m   [0mSELECT version FROM schema_migrations[0m
  [4;36;1mSQL (0.1ms)[0m   [0;1m SELECT name
 FROM sqlite_master
 WHERE type = 'table' AND NOT name = 'sqlite_sequence'
[0m
  [4;36;1mSQL (0.9ms)[0m   [0;1m SELECT name
 FROM sqlite_master
 WHERE type = 'table' AND NOT name = 'sqlite_sequence'
[0m
  [4;35;1mSQL (0.2ms)[0m   [0mSELECT version FROM schema_migrations[0m
Migrating to CreateFlights (20100713070135)
  [4;36;1mSQL (0.2ms)[0m   [0;1mselect sqlite_version(*)[0m
  [4;35;1mSQL (0.9ms)[0m   [0mCREATE TABLE "flights" ("id" INTEGER PRIMARY KEY AUTOINCREMENT NOT NULL, "from_code" text, "to_code" text, "from_date" datetime, "to_date" datetime, "prebook_date" datetime, "boughtFlag" integer, "created_at" datetime, "updated_at" datetime) [0m
  [4;36;1mSQL (0.6ms)[0m   [0;1mINSERT INTO schema_migrations (version) VALUES ('20100713070135')[0m
  [4;35;1mSQL (0.6ms)[0m   [0m SELECT name
 FROM sqlite_master
 WHERE type = 'table' AND NOT name = 'sqlite_sequence'
[0m
  [4;36;1mSQL (0.2ms)[0m   [0;1mSELECT version FROM schema_migrations[0m
  [4;35;1mSQL (0.2ms)[0m   [0m SELECT name
 FROM sqlite_master
 WHERE type = 'table' AND NOT name = 'sqlite_sequence'
[0m
  [4;36;1mSQL (0.1ms)[0m   [0;1mPRAGMA index_list("flights")[0m


Processing FlightsController#index (for 127.0.0.1 at 2010-07-13 00:01:56) [GET]
  [4;36;1mFlight Load (0.5ms)[0m   [0;1mSELECT * FROM "flights" [0m
Rendering template within layouts/flights
Rendering flights/index
Completed in 63ms (View: 57, DB: 0) | 200 OK [http://localhost/flights]


Processing FlightsController#new (for 127.0.0.1 at 2010-07-13 00:01:59) [GET]
Rendering template within layouts/flights
Rendering flights/new
Completed in 605ms (View: 599, DB: 0) | 200 OK [http://localhost/flights/new]


Processing FlightsController#new (for 127.0.0.1 at 2010-07-13 00:04:26) [GET]
Rendering template within layouts/flights
Rendering flights/new

ActionView::TemplateError (undefined method `text' for #<ActionView::Helpers::FormBuilder:0x1035a35f8>) on line #8 of app/views/flights/new.html.erb:
5: 
6:   <p>
7:     <%= f.label :from_code %><br />
8:     <%= f.text :from_code %>
9:   </p>
10:   <p>
11:     <%= f.label :to_code %><br />

    app/views/flights/new.html.erb:8
    app/views/flights/new.html.erb:3
    app/controllers/flights_controller.rb:29:in `new'

Rendered rescues/_trace (58.5ms)
Rendered rescues/_request_and_response (84.5ms)
Rendering rescues/layout (internal_server_error)


Processing FlightsController#new (for 127.0.0.1 at 2010-07-13 00:05:37) [GET]
Rendering template within layouts/flights
Rendering flights/new
Completed in 78ms (View: 72, DB: 0) | 200 OK [http://localhost/flights/new]


Processing FlightsController#new (for 127.0.0.1 at 2010-07-13 00:06:06) [GET]
Rendering template within layouts/flights
Rendering flights/new
ERROR: compiling _run_erb_app47views47flights47new46html46erb RAISED compile error
/Users/anna/dev/flytee/app/views/flights/new.html.erb:28: syntax error, unexpected ':', expecting ')'
...t(( f.text_field :boughtFlag :hidden=>TRUE :value=>0).to_s);...
                              ^
Function body:           def _run_erb_app47views47flights47new46html46erb(local_assigns)
            old_output_buffer = output_buffer;;@output_buffer = '';  __in_erb_template=true ; @output_buffer.concat "<h1>New flight</h1>\n\n"

;  form_for(@flight) do |f| ; @output_buffer.concat "\n  "
; @output_buffer.concat(( f.error_messages ).to_s); @output_buffer.concat "\n\n  <p>\n    "


; @output_buffer.concat(( f.label :from_code ).to_s); @output_buffer.concat "<br />\n    "
; @output_buffer.concat(( f.text_field :from_code ).to_s); @output_buffer.concat "\n  </p>\n  <p>\n    "


; @output_buffer.concat(( f.label :to_code ).to_s); @output_buffer.concat "<br />\n    "
; @output_buffer.concat(( f.text_field :to_code ).to_s); @output_buffer.concat "\n  </p>\n  <p>\n    "


; @output_buffer.concat(( f.label :from_date ).to_s); @output_buffer.concat "<br />\n    "
; @output_buffer.concat(( f.datetime_select :from_date ).to_s); @output_buffer.concat "\n  </p>\n  <p>\n    "


; @output_buffer.concat(( f.label :to_date ).to_s); @output_buffer.concat "<br />\n    "
; @output_buffer.concat(( f.datetime_select :to_date ).to_s); @output_buffer.concat "\n  </p>\n  <p>\n    "


; @output_buffer.concat(( f.label :prebook_date ).to_s); @output_buffer.concat "<br />\n    "
; @output_buffer.concat(( f.datetime_select :prebook_date ).to_s); @output_buffer.concat "\n  </p>\n  <p>\n    "


; @output_buffer.concat(( f.label :boughtFlag ).to_s); @output_buffer.concat "<br />\n    "
; @output_buffer.concat(( f.text_field :boughtFlag :hidden=>TRUE :value=>0).to_s); @output_buffer.concat "\n  </p>\n  <p>\n    "


; @output_buffer.concat(( f.submit 'Create' ).to_s); @output_buffer.concat "\n  </p>\n"

;  end ; @output_buffer.concat "\n\n"

; @output_buffer.concat(( link_to 'Back', flights_path ).to_s); @output_buffer
          ensure
            self.output_buffer = old_output_buffer
          end
Backtrace: /Users/anna/dev/flytee/app/views/flights/new.html.erb:38:in `compile!'
/Users/anna/.gem/ruby/1.8/gems/actionpack-2.3.5/lib/action_view/renderable.rb:61:in `compile'
/Users/anna/.gem/ruby/1.8/gems/actionpack-2.3.5/lib/action_view/renderable.rb:28:in `render'
/Users/anna/.gem/ruby/1.8/gems/actionpack-2.3.5/lib/action_view/template.rb:205:in `render_template'
/Users/anna/.gem/ruby/1.8/gems/actionpack-2.3.5/lib/action_view/base.rb:265:in `render'
/Users/anna/.gem/ruby/1.8/gems/actionpack-2.3.5/lib/action_view/base.rb:348:in `_render_with_layout'
/Users/anna/.gem/ruby/1.8/gems/actionpack-2.3.5/lib/action_view/base.rb:262:in `render'
/Users/anna/.gem/ruby/1.8/gems/actionpack-2.3.5/lib/action_controller/base.rb:1250:in `render_for_file'
/Users/anna/.gem/ruby/1.8/gems/actionpack-2.3.5/lib/action_controller/base.rb:951:in `render_without_benchmark'
/Users/anna/.gem/ruby/1.8/gems/actionpack-2.3.5/lib/action_controller/benchmarking.rb:51:in `render'
/Users/anna/.gem/ruby/1.8/gems/activesupport-2.3.5/lib/active_support/core_ext/benchmark.rb:17:in `ms'
/System/Library/Frameworks/Ruby.framework/Versions/1.8/usr/lib/ruby/1.8/benchmark.rb:308:in `realtime'
/Users/anna/.gem/ruby/1.8/gems/activesupport-2.3.5/lib/active_support/core_ext/benchmark.rb:17:in `ms'
/Users/anna/.gem/ruby/1.8/gems/actionpack-2.3.5/lib/action_controller/benchmarking.rb:51:in `render'
/Users/anna/.gem/ruby/1.8/gems/actionpack-2.3.5/lib/action_controller/mime_responds.rb:135:in `send'
/Users/anna/.gem/ruby/1.8/gems/actionpack-2.3.5/lib/action_controller/mime_responds.rb:135:in `custom'
/Users/anna/.gem/ruby/1.8/gems/actionpack-2.3.5/lib/action_controller/mime_responds.rb:179:in `call'
/Users/anna/.gem/ruby/1.8/gems/actionpack-2.3.5/lib/action_controller/mime_responds.rb:179:in `respond'
/Users/anna/.gem/ruby/1.8/gems/actionpack-2.3.5/lib/action_controller/mime_responds.rb:173:in `each'
/Users/anna/.gem/ruby/1.8/gems/actionpack-2.3.5/lib/action_controller/mime_responds.rb:173:in `respond'
/Users/anna/.gem/ruby/1.8/gems/actionpack-2.3.5/lib/action_controller/mime_responds.rb:107:in `respond_to'
/Users/anna/dev/flytee/app/controllers/flights_controller.rb:29:in `new'
/Users/anna/.gem/ruby/1.8/gems/actionpack-2.3.5/lib/action_controller/base.rb:1331:in `send'
/Users/anna/.gem/ruby/1.8/gems/actionpack-2.3.5/lib/action_controller/base.rb:1331:in `perform_action_without_filters'
/Users/anna/.gem/ruby/1.8/gems/actionpack-2.3.5/lib/action_controller/filters.rb:617:in `call_filters'
/Users/anna/.gem/ruby/1.8/gems/actionpack-2.3.5/lib/action_controller/filters.rb:610:in `perform_action_without_benchmark'
/Users/anna/.gem/ruby/1.8/gems/actionpack-2.3.5/lib/action_controller/benchmarking.rb:68:in `perform_action_without_rescue'
/Users/anna/.gem/ruby/1.8/gems/activesupport-2.3.5/lib/active_support/core_ext/benchmark.rb:17:in `ms'
/System/Library/Frameworks/Ruby.framework/Versions/1.8/usr/lib/ruby/1.8/benchmark.rb:308:in `realtime'
/Users/anna/.gem/ruby/1.8/gems/activesupport-2.3.5/lib/active_support/core_ext/benchmark.rb:17:in `ms'
/Users/anna/.gem/ruby/1.8/gems/actionpack-2.3.5/lib/action_controller/benchmarking.rb:68:in `perform_action_without_rescue'
/Users/anna/.gem/ruby/1.8/gems/actionpack-2.3.5/lib/action_controller/rescue.rb:160:in `perform_action_without_flash'
/Users/anna/.gem/ruby/1.8/gems/actionpack-2.3.5/lib/action_controller/flash.rb:146:in `perform_action'
/Users/anna/.gem/ruby/1.8/gems/actionpack-2.3.5/lib/action_controller/base.rb:532:in `send'
/Users/anna/.gem/ruby/1.8/gems/actionpack-2.3.5/lib/action_controller/base.rb:532:in `process_without_filters'
/Users/anna/.gem/ruby/1.8/gems/actionpack-2.3.5/lib/action_controller/filters.rb:606:in `process'
/Users/anna/.gem/ruby/1.8/gems/actionpack-2.3.5/lib/action_controller/base.rb:391:in `process'
/Users/anna/.gem/ruby/1.8/gems/actionpack-2.3.5/lib/action_controller/base.rb:386:in `call'
/Users/anna/.gem/ruby/1.8/gems/actionpack-2.3.5/lib/action_controller/routing/route_set.rb:437:in `call'
/Users/anna/.gem/ruby/1.8/gems/actionpack-2.3.5/lib/action_controller/dispatcher.rb:87:in `dispatch'
/Users/anna/.gem/ruby/1.8/gems/actionpack-2.3.5/lib/action_controller/dispatcher.rb:121:in `_call'
/Users/anna/.gem/ruby/1.8/gems/actionpack-2.3.5/lib/action_controller/dispatcher.rb:130:in `build_middleware_stack'
/Users/anna/.gem/ruby/1.8/gems/activerecord-2.3.5/lib/active_record/query_cache.rb:29:in `call'
/Users/anna/.gem/ruby/1.8/gems/activerecord-2.3.5/lib/active_record/query_cache.rb:29:in `call'
/Users/anna/.gem/ruby/1.8/gems/activerecord-2.3.5/lib/active_record/connection_adapters/abstract/query_cache.rb:34:in `cache'
/Users/anna/.gem/ruby/1.8/gems/activerecord-2.3.5/lib/active_record/query_cache.rb:9:in `cache'
/Users/anna/.gem/ruby/1.8/gems/activerecord-2.3.5/lib/active_record/query_cache.rb:28:in `call'
/Users/anna/.gem/ruby/1.8/gems/activerecord-2.3.5/lib/active_record/connection_adapters/abstract/connection_pool.rb:361:in `call'
/Users/anna/.gem/ruby/1.8/gems/actionpack-2.3.5/lib/action_controller/string_coercion.rb:25:in `call'
/Library/Ruby/Gems/1.8/gems/rack-1.0.1/lib/rack/head.rb:9:in `call'
/Library/Ruby/Gems/1.8/gems/rack-1.0.1/lib/rack/methodoverride.rb:24:in `call'
/Users/anna/.gem/ruby/1.8/gems/actionpack-2.3.5/lib/action_controller/params_parser.rb:15:in `call'
/Users/anna/.gem/ruby/1.8/gems/actionpack-2.3.5/lib/action_controller/session/cookie_store.rb:93:in `call'
/Users/anna/.gem/ruby/1.8/gems/actionpack-2.3.5/lib/action_controller/failsafe.rb:26:in `call'
/Library/Ruby/Gems/1.8/gems/rack-1.0.1/lib/rack/lock.rb:11:in `call'
/Library/Ruby/Gems/1.8/gems/rack-1.0.1/lib/rack/lock.rb:11:in `synchronize'
/Library/Ruby/Gems/1.8/gems/rack-1.0.1/lib/rack/lock.rb:11:in `call'
/Users/anna/.gem/ruby/1.8/gems/actionpack-2.3.5/lib/action_controller/dispatcher.rb:114:in `call'
/Users/anna/.gem/ruby/1.8/gems/actionpack-2.3.5/lib/action_controller/reloader.rb:34:in `run'
/Users/anna/.gem/ruby/1.8/gems/actionpack-2.3.5/lib/action_controller/dispatcher.rb:108:in `call'
/Users/anna/.gem/ruby/1.8/gems/rails-2.3.5/lib/rails/rack/static.rb:31:in `call'
/Library/Ruby/Gems/1.8/gems/rack-1.0.1/lib/rack/urlmap.rb:46:in `call'
/Library/Ruby/Gems/1.8/gems/rack-1.0.1/lib/rack/urlmap.rb:40:in `each'
/Library/Ruby/Gems/1.8/gems/rack-1.0.1/lib/rack/urlmap.rb:40:in `call'
/Users/anna/.gem/ruby/1.8/gems/rails-2.3.5/lib/rails/rack/log_tailer.rb:17:in `call'
/Library/Ruby/Gems/1.8/gems/rack-1.0.1/lib/rack/content_length.rb:13:in `call'
/Library/Ruby/Gems/1.8/gems/rack-1.0.1/lib/rack/chunked.rb:15:in `call'
/Library/Ruby/Gems/1.8/gems/rack-1.0.1/lib/rack/handler/mongrel.rb:64:in `process'
/System/Library/Frameworks/Ruby.framework/Versions/1.8/usr/lib/ruby/gems/1.8/gems/mongrel-1.1.5/lib/mongrel.rb:159:in `process_client'
/System/Library/Frameworks/Ruby.framework/Versions/1.8/usr/lib/ruby/gems/1.8/gems/mongrel-1.1.5/lib/mongrel.rb:158:in `each'
/System/Library/Frameworks/Ruby.framework/Versions/1.8/usr/lib/ruby/gems/1.8/gems/mongrel-1.1.5/lib/mongrel.rb:158:in `process_client'
/System/Library/Frameworks/Ruby.framework/Versions/1.8/usr/lib/ruby/gems/1.8/gems/mongrel-1.1.5/lib/mongrel.rb:285:in `run'
/System/Library/Frameworks/Ruby.framework/Versions/1.8/usr/lib/ruby/gems/1.8/gems/mongrel-1.1.5/lib/mongrel.rb:285:in `initialize'
/System/Library/Frameworks/Ruby.framework/Versions/1.8/usr/lib/ruby/gems/1.8/gems/mongrel-1.1.5/lib/mongrel.rb:285:in `new'
/System/Library/Frameworks/Ruby.framework/Versions/1.8/usr/lib/ruby/gems/1.8/gems/mongrel-1.1.5/lib/mongrel.rb:285:in `run'
/System/Library/Frameworks/Ruby.framework/Versions/1.8/usr/lib/ruby/gems/1.8/gems/mongrel-1.1.5/lib/mongrel.rb:268:in `initialize'
/System/Library/Frameworks/Ruby.framework/Versions/1.8/usr/lib/ruby/gems/1.8/gems/mongrel-1.1.5/lib/mongrel.rb:268:in `new'
/System/Library/Frameworks/Ruby.framework/Versions/1.8/usr/lib/ruby/gems/1.8/gems/mongrel-1.1.5/lib/mongrel.rb:268:in `run'
/Library/Ruby/Gems/1.8/gems/rack-1.0.1/lib/rack/handler/mongrel.rb:34:in `run'
/Users/anna/.gem/ruby/1.8/gems/rails-2.3.5/lib/commands/server.rb:111
/Library/Ruby/Site/1.8/rubygems/custom_require.rb:31:in `gem_original_require'
/Library/Ruby/Site/1.8/rubygems/custom_require.rb:31:in `require'
script/server:3

ActionView::TemplateError (compile error
/Users/anna/dev/flytee/app/views/flights/new.html.erb:28: syntax error, unexpected ':', expecting ')'
...t(( f.text_field :boughtFlag :hidden=>TRUE :value=>0).to_s);...
                              ^) on line #28 of app/views/flights/new.html.erb:
25:   </p>
26:   <p>
27:     <%= f.label :boughtFlag %><br />
28:     <%= f.text_field :boughtFlag :hidden=>TRUE :value=>0%>
29:   </p>
30:   <p>
31:     <%= f.submit 'Create' %>

    app/views/flights/new.html.erb:38:in `compile!'
    app/controllers/flights_controller.rb:29:in `new'

Rendered rescues/_trace (50.6ms)
Rendered rescues/_request_and_response (0.3ms)
Rendering rescues/layout (internal_server_error)


Processing FlightsController#new (for 127.0.0.1 at 2010-07-13 00:07:16) [GET]
Rendering template within layouts/flights
Rendering flights/new
Completed in 597ms (View: 592, DB: 0) | 200 OK [http://localhost/flights/new]


Processing FlightsController#new (for 127.0.0.1 at 2010-07-13 00:07:29) [GET]
Rendering template within layouts/flights
Rendering flights/new
Completed in 41ms (View: 36, DB: 0) | 200 OK [http://localhost/flights/new]


Processing FlightsController#create (for 127.0.0.1 at 2010-07-13 00:07:31) [POST]
  Parameters: {"commit"=>"Create", "authenticity_token"=>"XG3nb9I+dyZ5MWzbP7h2YAT16F1wtdQV4tOqwbj4Pfk=", "boughtFlag"=>"0", "flight"=>{"prebook_date(2i)"=>"7", "to_date(3i)"=>"13", "prebook_date(3i)"=>"13", "to_date(4i)"=>"07", "prebook_date(4i)"=>"07", "to_date(5i)"=>"02", "prebook_date(5i)"=>"02", "from_date(1i)"=>"2010", "from_date(2i)"=>"7", "from_code"=>"", "from_date(3i)"=>"13", "from_date(4i)"=>"07", "to_code"=>"", "from_date(5i)"=>"01", "to_date(1i)"=>"2010", "prebook_date(1i)"=>"2010", "to_date(2i)"=>"7"}}
  [4;35;1mFlight Create (0.5ms)[0m   [0mINSERT INTO "flights" ("created_at", "prebook_date", "updated_at", "from_code", "from_date", "boughtFlag", "to_code", "to_date") VALUES('2010-07-13 07:07:31', '2010-07-13 07:02:00', '2010-07-13 07:07:31', '', '2010-07-13 07:01:00', NULL, '', '2010-07-13 07:02:00')[0m
Redirected to http://localhost:3000/flights/1
Completed in 14ms (DB: 0) | 302 Found [http://localhost/flights]


Processing FlightsController#show (for 127.0.0.1 at 2010-07-13 00:07:31) [GET]
  Parameters: {"id"=>"1"}
  [4;36;1mFlight Load (0.3ms)[0m   [0;1mSELECT * FROM "flights" WHERE ("flights"."id" = 1) [0m
Rendering template within layouts/flights
Rendering flights/show
Completed in 15ms (View: 8, DB: 0) | 200 OK [http://localhost/flights/1]


Processing FlightsController#index (for 127.0.0.1 at 2010-07-13 00:07:35) [GET]
  [4;35;1mFlight Load (0.6ms)[0m   [0mSELECT * FROM "flights" [0m
Rendering template within layouts/flights
Rendering flights/index
Completed in 12ms (View: 8, DB: 1) | 200 OK [http://localhost/flights]


Processing FlightsController#new (for 127.0.0.1 at 2010-07-13 00:07:38) [GET]
Rendering template within layouts/flights
Rendering flights/new
Completed in 117ms (View: 111, DB: 0) | 200 OK [http://localhost/flights/new]


Processing FlightsController#index (for 127.0.0.1 at 2010-07-13 00:10:44) [GET]
  [4;36;1mFlight Load (0.6ms)[0m   [0;1mSELECT * FROM "flights" [0m
Rendering template within layouts/flights
Rendering flights/index
Completed in 13ms (View: 8, DB: 1) | 200 OK [http://localhost/flights]


Processing FlightsController#new (for 127.0.0.1 at 2010-07-13 00:10:47) [GET]
Rendering template within layouts/flights
Rendering flights/new
Completed in 36ms (View: 30, DB: 0) | 200 OK [http://localhost/flights/new]


Processing FlightsController#create (for 127.0.0.1 at 2010-07-13 00:10:48) [POST]
  Parameters: {"commit"=>"Create", "authenticity_token"=>"XG3nb9I+dyZ5MWzbP7h2YAT16F1wtdQV4tOqwbj4Pfk=", "boughtFlag"=>"0", "flight"=>{"prebook_date(2i)"=>"7", "to_date(3i)"=>"13", "prebook_date(3i)"=>"13", "to_date(4i)"=>"07", "prebook_date(4i)"=>"07", "to_date(5i)"=>"10", "prebook_date(5i)"=>"10", "from_date(1i)"=>"2010", "from_date(2i)"=>"7", "from_code"=>"", "from_date(3i)"=>"13", "from_date(4i)"=>"07", "to_code"=>"", "from_date(5i)"=>"10", "to_date(1i)"=>"2010", "prebook_date(1i)"=>"2010", "to_date(2i)"=>"7"}}
Rendering template within layouts/flights
Rendering flights/new
Completed in 43ms (View: 34, DB: 0) | 200 OK [http://localhost/flights]


Processing FlightsController#create (for 127.0.0.1 at 2010-07-13 00:11:16) [POST]
  Parameters: {"commit"=>"Create", "authenticity_token"=>"XG3nb9I+dyZ5MWzbP7h2YAT16F1wtdQV4tOqwbj4Pfk=", "boughtFlag"=>"0", "flight"=>{"prebook_date(2i)"=>"7", "to_date(3i)"=>"13", "prebook_date(3i)"=>"13", "to_date(4i)"=>"07", "prebook_date(4i)"=>"07", "to_date(5i)"=>"10", "prebook_date(5i)"=>"10", "from_date(1i)"=>"2010", "from_date(2i)"=>"7", "from_code"=>"SFO", "from_date(3i)"=>"13", "from_date(4i)"=>"07", "to_code"=>"OAK", "from_date(5i)"=>"10", "to_date(1i)"=>"2010", "prebook_date(1i)"=>"2010", "to_date(2i)"=>"7"}}
  [4;35;1mFlight Create (0.5ms)[0m   [0mINSERT INTO "flights" ("created_at", "prebook_date", "updated_at", "from_code", "from_date", "boughtFlag", "to_code", "to_date") VALUES('2010-07-13 07:11:16', '2010-07-13 07:10:00', '2010-07-13 07:11:16', 'SFO', '2010-07-13 07:10:00', NULL, 'OAK', '2010-07-13 07:10:00')[0m
Redirected to http://localhost:3000/flights/2
Completed in 28ms (DB: 0) | 302 Found [http://localhost/flights]


Processing FlightsController#show (for 127.0.0.1 at 2010-07-13 00:11:16) [GET]
  Parameters: {"id"=>"2"}
  [4;36;1mFlight Load (0.3ms)[0m   [0;1mSELECT * FROM "flights" WHERE ("flights"."id" = 2) [0m
Rendering template within layouts/flights
Rendering flights/show
Completed in 91ms (View: 4, DB: 0) | 200 OK [http://localhost/flights/2]


Processing FlightsController#index (for 127.0.0.1 at 2010-07-13 00:11:18) [GET]
  [4;35;1mFlight Load (0.7ms)[0m   [0mSELECT * FROM "flights" [0m
Rendering template within layouts/flights
Rendering flights/index
Completed in 17ms (View: 12, DB: 1) | 200 OK [http://localhost/flights]


Processing FlightsController#destroy (for 127.0.0.1 at 2010-07-13 00:11:23) [DELETE]
  Parameters: {"authenticity_token"=>"XG3nb9I+dyZ5MWzbP7h2YAT16F1wtdQV4tOqwbj4Pfk=", "id"=>"1"}
  [4;36;1mFlight Load (0.5ms)[0m   [0;1mSELECT * FROM "flights" WHERE ("flights"."id" = 1) [0m
  [4;35;1mFlight Destroy (0.5ms)[0m   [0mDELETE FROM "flights" WHERE "id" = 1[0m
Redirected to http://localhost:3000/flights
Completed in 14ms (DB: 1) | 302 Found [http://localhost/flights/1]


Processing FlightsController#index (for 127.0.0.1 at 2010-07-13 00:11:23) [GET]
  [4;36;1mFlight Load (0.6ms)[0m   [0;1mSELECT * FROM "flights" [0m
Rendering template within layouts/flights
Rendering flights/index
Completed in 14ms (View: 9, DB: 1) | 200 OK [http://localhost/flights]


Processing FlightsController#new (for 127.0.0.1 at 2010-07-13 00:11:25) [GET]
Rendering template within layouts/flights
Rendering flights/new
Completed in 36ms (View: 30, DB: 0) | 200 OK [http://localhost/flights/new]


Processing FlightsController#create (for 127.0.0.1 at 2010-07-13 00:11:34) [POST]
  Parameters: {"commit"=>"Create", "authenticity_token"=>"XG3nb9I+dyZ5MWzbP7h2YAT16F1wtdQV4tOqwbj4Pfk=", "boughtFlag"=>"0", "flight"=>{"prebook_date(2i)"=>"7", "to_date(3i)"=>"13", "prebook_date(3i)"=>"13", "to_date(4i)"=>"07", "prebook_date(4i)"=>"07", "to_date(5i)"=>"11", "prebook_date(5i)"=>"11", "from_date(1i)"=>"2010", "from_date(2i)"=>"1", "from_code"=>"JFK", "from_date(3i)"=>"13", "from_date(4i)"=>"07", "to_code"=>"LGA", "from_date(5i)"=>"11", "to_date(1i)"=>"2010", "prebook_date(1i)"=>"2010", "to_date(2i)"=>"3"}}
  [4;35;1mFlight Create (0.4ms)[0m   [0mINSERT INTO "flights" ("created_at", "prebook_date", "updated_at", "from_code", "from_date", "boughtFlag", "to_code", "to_date") VALUES('2010-07-13 07:11:34', '2010-07-13 07:11:00', '2010-07-13 07:11:34', 'JFK', '2010-01-13 07:11:00', NULL, 'LGA', '2010-03-13 07:11:00')[0m
Redirected to http://localhost:3000/flights/3
Completed in 13ms (DB: 0) | 302 Found [http://localhost/flights]


Processing FlightsController#show (for 127.0.0.1 at 2010-07-13 00:11:34) [GET]
  Parameters: {"id"=>"3"}
  [4;36;1mFlight Load (0.3ms)[0m   [0;1mSELECT * FROM "flights" WHERE ("flights"."id" = 3) [0m
Rendering template within layouts/flights
Rendering flights/show
Completed in 10ms (View: 4, DB: 0) | 200 OK [http://localhost/flights/3]


Processing FlightsController#index (for 127.0.0.1 at 2010-07-13 00:11:36) [GET]
  [4;35;1mFlight Load (0.7ms)[0m   [0mSELECT * FROM "flights" [0m
Rendering template within layouts/flights
Rendering flights/index
Completed in 94ms (View: 88, DB: 1) | 200 OK [http://localhost/flights]


Processing ApplicationController#index (for 127.0.0.1 at 2010-07-13 00:12:35) [GET]

ActionController::RoutingError (No route matches "/f" with {:method=>:get}):
  

Rendering rescues/layout (not_found)


Processing FlightsController#index (for 127.0.0.1 at 2010-07-13 00:12:41) [GET]
  [4;36;1mFlight Load (0.7ms)[0m   [0;1mSELECT * FROM "flights" [0m
Rendering template within layouts/flights
Rendering flights/index
Completed in 17ms (View: 11, DB: 1) | 200 OK [http://localhost/flights]


Processing FlightsController#new (for 127.0.0.1 at 2010-07-13 00:12:43) [GET]
Rendering template within layouts/flights
Rendering flights/new
Completed in 97ms (View: 91, DB: 0) | 200 OK [http://localhost/flights/new]


Processing FlightsController#index (for 127.0.0.1 at 2010-07-13 00:12:45) [GET]
  [4;35;1mFlight Load (0.7ms)[0m   [0mSELECT * FROM "flights" [0m
Rendering template within layouts/flights
Rendering flights/index
Completed in 16ms (View: 11, DB: 1) | 200 OK [http://localhost/flights]


Processing FlightsController#new (for 127.0.0.1 at 2010-07-13 00:16:17) [GET]
Rendering template within layouts/flights
Rendering flights/new
Completed in 37ms (View: 31, DB: 0) | 200 OK [http://localhost/flights/new]
  [4;36;1mSQL (0.6ms)[0m   [0;1m SELECT name
 FROM sqlite_master
 WHERE type = 'table' AND NOT name = 'sqlite_sequence'
[0m
  [4;35;1mSQL (0.5ms)[0m   [0mSELECT version FROM schema_migrations[0m
Migrating to CreateFlights (20100713070135)
Migrating to CreateCitystates (20100716040658)
  [4;36;1mSQL (0.1ms)[0m   [0;1mselect sqlite_version(*)[0m
  [4;35;1mSQL (0.6ms)[0m   [0mCREATE TABLE "citystates" ("id" INTEGER PRIMARY KEY AUTOINCREMENT NOT NULL, "city" varchar(255), "state" varchar(255), "created_at" datetime, "updated_at" datetime) [0m
  [4;36;1mSQL (0.2ms)[0m   [0;1mINSERT INTO schema_migrations (version) VALUES ('20100716040658')[0m
  [4;35;1mSQL (0.4ms)[0m   [0m SELECT name
 FROM sqlite_master
 WHERE type = 'table' AND NOT name = 'sqlite_sequence'
[0m
  [4;36;1mSQL (0.2ms)[0m   [0;1mSELECT version FROM schema_migrations[0m
  [4;35;1mSQL (0.9ms)[0m   [0m SELECT name
 FROM sqlite_master
 WHERE type = 'table' AND NOT name = 'sqlite_sequence'
[0m
  [4;36;1mSQL (0.1ms)[0m   [0;1mPRAGMA index_list("citystates")[0m
  [4;35;1mSQL (0.1ms)[0m   [0mPRAGMA index_list("flights")[0m
  [4;36;1mCitystate Load (0.4ms)[0m   [0;1mSELECT * FROM "citystates" [0m
  [4;35;1mCitystate Create (0.7ms)[0m   [0mINSERT INTO "citystates" ("city", "created_at", "updated_at", "state") VALUES('Los Angeles', '2010-07-16 04:11:31', '2010-07-16 04:11:31', 'California')[0m
  [4;36;1mCitystate Load (0.4ms)[0m   [0;1mSELECT * FROM "citystates" [0m
  [4;35;1mCitystate Create (0.8ms)[0m   [0mINSERT INTO "citystates" ("city", "created_at", "updated_at", "state") VALUES('San Francisco', '2010-07-16 04:11:59', '2010-07-16 04:11:59', 'California')[0m


Processing FlightsController#index (for 127.0.0.1 at 2010-07-15 21:14:59) [GET]
  [4;36;1mFlight Load (0.8ms)[0m   [0;1mSELECT * FROM "flights" [0m
Rendering template within layouts/flights
Rendering flights/index
Completed in 222ms (View: 216, DB: 1) | 200 OK [http://localhost/flights]


Processing FlightsController#new (for 127.0.0.1 at 2010-07-15 21:15:01) [GET]
Rendering template within layouts/flights
Rendering flights/new
  [4;35;1mCitystate Load (0.5ms)[0m   [0mSELECT * FROM "citystates" [0m

ActionView::TemplateError (undefined method `name' for #<Citystate:0x103778d10>) on line #8 of app/views/flights/new.html.erb:
5: 
6:   <p>
7:     <%= f.label :from_code %><br />
8:     <%= select("city", "state", Citystate.all.collect {|p| [ p.city, p.name ] }) %>
9:   </p>
10:   <p>
11:     <%= f.label :to_code %><br />

    app/views/flights/new.html.erb:8
    app/views/flights/new.html.erb:8:in `collect'
    app/views/flights/new.html.erb:8
    app/views/flights/new.html.erb:3
    app/controllers/flights_controller.rb:29:in `new'

Rendered rescues/_trace (59.5ms)
Rendered rescues/_request_and_response (14.6ms)
Rendering rescues/layout (internal_server_error)


Processing FlightsController#new (for 127.0.0.1 at 2010-07-15 21:15:20) [GET]
Rendering template within layouts/flights
Rendering flights/new
  [4;36;1mCitystate Load (0.5ms)[0m   [0;1mSELECT * FROM "citystates" [0m
Completed in 140ms (View: 133, DB: 0) | 200 OK [http://localhost/flights/new]


Processing FlightsController#new (for 127.0.0.1 at 2010-07-15 21:15:33) [GET]
Rendering template within layouts/flights
Rendering flights/new
  [4;35;1mCitystate Load (0.4ms)[0m   [0mSELECT * FROM "citystates" [0m
  [4;36;1mCACHE (0.0ms)[0m   [0;1mSELECT * FROM "citystates" [0m
Completed in 47ms (View: 41, DB: 0) | 200 OK [http://localhost/flights/new]


Processing FlightsController#new (for 127.0.0.1 at 2010-07-15 21:15:45) [GET]
Rendering template within layouts/flights
Rendering flights/new
  [4;35;1mCitystate Load (0.4ms)[0m   [0mSELECT * FROM "citystates" [0m
  [4;36;1mCACHE (0.0ms)[0m   [0;1mSELECT * FROM "citystates" [0m
Completed in 48ms (View: 41, DB: 0) | 200 OK [http://localhost/flights/new]


Processing FlightsController#new (for 127.0.0.1 at 2010-07-15 21:18:37) [GET]
Rendering template within layouts/flights
Rendering flights/new
  [4;35;1mCitystate Load (0.4ms)[0m   [0mSELECT * FROM "citystates" [0m
  [4;36;1mCACHE (0.0ms)[0m   [0;1mSELECT * FROM "citystates" [0m
Completed in 127ms (View: 120, DB: 0) | 200 OK [http://localhost/]
